[debug] [2022-03-26T05:52:08.163Z] ----------------------------------------------------------------------
[debug] [2022-03-26T05:52:08.169Z] Command:       C:\Program Files (x86)\nodejs\node.exe C:\Users\Toufiq Hasan\AppData\Roaming\npm\node_modules\firebase-tools\lib\bin\firebase.js init
[debug] [2022-03-26T05:52:08.170Z] CLI Version:   10.5.0
[debug] [2022-03-26T05:52:08.170Z] Platform:      win32
[debug] [2022-03-26T05:52:08.171Z] Node Version:  v14.16.1
[debug] [2022-03-26T05:52:08.187Z] Time:          Sat Mar 26 2022 11:52:08 GMT+0600 (Bangladesh Standard Time)
[debug] [2022-03-26T05:52:08.188Z] ----------------------------------------------------------------------
[debug] 
[debug] [2022-03-26T05:52:08.196Z] >>> [apiv2][query] GET https://firebase-public.firebaseio.com/cli.json [none]
[debug] [2022-03-26T05:52:08.282Z] > command requires scopes: ["email","openid","https://www.googleapis.com/auth/cloudplatformprojects.readonly","https://www.googleapis.com/auth/firebase","https://www.googleapis.com/auth/cloud-platform"]
[debug] [2022-03-26T05:52:08.282Z] > authorizing via signed-in user (anquire05@gmail.com)
[info] 
     ######## #### ########  ######## ########     ###     ######  ########
     ##        ##  ##     ## ##       ##     ##  ##   ##  ##       ##
     ######    ##  ########  ######   ########  #########  ######  ######
     ##        ##  ##    ##  ##       ##     ## ##     ##       ## ##
     ##       #### ##     ## ######## ########  ##     ##  ######  ########

You're about to initialize a Firebase project in this directory:

  I:\Toufiq Hasan\react Projects\New folder\my-app

[debug] [2022-03-26T05:52:09.402Z] <<< [apiv2][status] GET https://firebase-public.firebaseio.com/cli.json 200
[debug] [2022-03-26T05:52:09.403Z] <<< [apiv2][body] GET https://firebase-public.firebaseio.com/cli.json {"cloudBuildErrorAfter":1594252800000,"cloudBuildWarnAfter":1590019200000,"defaultNode10After":1594252800000,"minVersion":"3.0.5","node8DeploysDisabledAfter":1613390400000,"node8RuntimeDisabledAfter":1615809600000,"node8WarnAfter":1600128000000}
